{
  "RSpec": {
    "coverage": {
      "/Users/alex1/Makers/Tech_Tests/BitmapEditor/lib/app.rb": [
        1,
        null,
        1,
        null,
        1,
        0,
        0,
        0,
        null,
        null,
        null,
        1,
        null,
        1,
        2,
        null,
        null,
        1,
        null,
        null,
        1,
        1,
        1,
        null,
        null,
        null,
        null
      ],
      "/Users/alex1/Makers/Tech_Tests/BitmapEditor/lib/bitmap.rb": [
        1,
        null,
        1,
        null,
        1,
        8,
        27,
        2,
        null,
        null,
        null,
        1,
        6,
        6,
        21,
        21,
        null,
        6,
        null,
        null,
        1,
        2,
        null,
        null,
        1,
        13,
        null,
        null,
        1,
        1,
        4,
        null,
        null,
        null,
        1,
        1,
        4,
        null,
        null,
        null,
        null
      ],
      "/Users/alex1/Makers/Tech_Tests/BitmapEditor/spec/app_spec.rb": [
        1,
        null,
        1,
        null,
        2,
        null,
        1,
        2,
        2,
        1,
        2,
        null,
        null,
        null,
        null
      ],
      "/Users/alex1/Makers/Tech_Tests/BitmapEditor/spec/bitmap_spec.rb": [
        1,
        null,
        1,
        null,
        1,
        null,
        8,
        null,
        1,
        1,
        2,
        null,
        null,
        1,
        2,
        null,
        null,
        null,
        1,
        1,
        1,
        2,
        null,
        null,
        null,
        1,
        1,
        1,
        1,
        2,
        null,
        null,
        null,
        1,
        1,
        1,
        1,
        1,
        2,
        null,
        null,
        null,
        1,
        1,
        1,
        1,
        2,
        null,
        null,
        null,
        1,
        1,
        1,
        1,
        2,
        null,
        null,
        null,
        null
      ]
    },
    "timestamp": 1516380123
  }
}
