{
  "RSpec": {
    "coverage": {
      "/Users/alex1/Makers/Tech_Tests/BitmapEditor/lib/app.rb": [
        1,
        null,
        1,
        1,
        null,
        null,
        null
      ],
      "/Users/alex1/Makers/Tech_Tests/BitmapEditor/lib/bitmap.rb": [
        1,
        null,
        1,
        null,
        1,
        0,
        0,
        0,
        null,
        null,
        null,
        1,
        0,
        0,
        0,
        0,
        null,
        0,
        null,
        null,
        1,
        0,
        null,
        null,
        1,
        0,
        null,
        null,
        1,
        0,
        0,
        null,
        null,
        null,
        1,
        0,
        0,
        null,
        null,
        null,
        null
      ],
      "/Users/alex1/Makers/Tech_Tests/BitmapEditor/spec/app_spec.rb": [
        1,
        null,
        1,
        null,
        2,
        null,
        1,
        1,
        1,
        1,
        1,
        null,
        null,
        null,
        null
      ]
    },
    "timestamp": 1516287536
  }
}
